app/build/intermediates/manifest_merge_blame_file/debug/manifest-merger-blame-debug-report.txt
1<?xml version="1.0" encoding="utf-8"?>
2<manifest xmlns:android="http://schemas.android.com/apk/res/android"
3    package="com.Amrut.RouteX"
4    android:versionCode="1"
5    android:versionName="1.0.0-debug" >
6
7    <uses-sdk
8        android:minSdkVersion="24"
9        android:targetSdkVersion="34" />
10
11    <!-- Network -->
12    <uses-permission android:name="android.permission.INTERNET" />
12-->src\main\AndroidManifest.xml:6:5-67
12-->src\main\AndroidManifest.xml:6:22-64
13
14    <!-- Location -->
15    <uses-permission android:name="android.permission.ACCESS_FINE_LOCATION" />
15-->src\main\AndroidManifest.xml:9:5-79
15-->src\main\AndroidManifest.xml:9:22-76
16    <uses-permission android:name="android.permission.ACCESS_COARSE_LOCATION" />
16-->src\main\AndroidManifest.xml:10:5-81
16-->src\main\AndroidManifest.xml:10:22-78
17    <uses-permission android:name="android.permission.ACCESS_BACKGROUND_LOCATION" />
17-->src\main\AndroidManifest.xml:11:5-12:51
17-->src\main\AndroidManifest.xml:11:22-82
18
19    <!-- Foreground service (driver tracking) -->
20    <uses-permission android:name="android.permission.FOREGROUND_SERVICE" />
20-->src\main\AndroidManifest.xml:15:5-16:51
20-->src\main\AndroidManifest.xml:15:22-74
21    <uses-permission android:name="android.permission.FOREGROUND_SERVICE_LOCATION" />
21-->src\main\AndroidManifest.xml:17:5-86
21-->src\main\AndroidManifest.xml:17:22-83
22
23    <!-- Notifications (Android 13+) -->
24    <uses-permission android:name="android.permission.POST_NOTIFICATIONS" />
24-->src\main\AndroidManifest.xml:20:5-77
24-->src\main\AndroidManifest.xml:20:22-74
25
26    <!-- Keep CPU alive during upload bursts -->
27    <uses-permission android:name="android.permission.WAKE_LOCK" />
27-->src\main\AndroidManifest.xml:23:5-68
27-->src\main\AndroidManifest.xml:23:22-65
28    <uses-permission android:name="android.permission.RECEIVE_BOOT_COMPLETED" />
28-->src\main\AndroidManifest.xml:24:5-81
28-->src\main\AndroidManifest.xml:24:22-78
29    <uses-permission android:name="android.permission.ACCESS_NETWORK_STATE" />
29-->[com.google.firebase:firebase-auth:23.0.0] AndroidManifest.xml:26:5-79
29-->[com.google.firebase:firebase-auth:23.0.0] AndroidManifest.xml:26:22-76
30
31    <uses-feature
31-->[com.google.android.gms:play-services-maps:18.2.0] AndroidManifest.xml:26:5-28:35
32        android:glEsVersion="0x00020000"
32-->[com.google.android.gms:play-services-maps:18.2.0] AndroidManifest.xml:27:9-41
33        android:required="true" />
33-->[com.google.android.gms:play-services-maps:18.2.0] AndroidManifest.xml:28:9-32
34
35    <queries>
35-->[com.google.android.gms:play-services-maps:18.2.0] AndroidManifest.xml:30:5-34:15
36
37        <!-- Needs to be explicitly declared on Android R+ -->
38        <package android:name="com.google.android.apps.maps" />
38-->[com.google.android.gms:play-services-maps:18.2.0] AndroidManifest.xml:33:9-64
38-->[com.google.android.gms:play-services-maps:18.2.0] AndroidManifest.xml:33:18-61
39    </queries> <!-- Required by older versions of Google Play services to create IID tokens -->
40    <uses-permission android:name="com.google.android.c2dm.permission.RECEIVE" />
40-->[com.google.firebase:firebase-messaging:24.0.0] AndroidManifest.xml:26:5-82
40-->[com.google.firebase:firebase-messaging:24.0.0] AndroidManifest.xml:26:22-79
41    <uses-permission android:name="com.google.android.providers.gsf.permission.READ_GSERVICES" />
41-->[com.google.android.recaptcha:recaptcha:18.4.0] AndroidManifest.xml:9:5-98
41-->[com.google.android.recaptcha:recaptcha:18.4.0] AndroidManifest.xml:9:22-95
42
43    <permission
43-->[androidx.core:core:1.13.1] AndroidManifest.xml:22:5-24:47
44        android:name="com.Amrut.RouteX.DYNAMIC_RECEIVER_NOT_EXPORTED_PERMISSION"
44-->[androidx.core:core:1.13.1] AndroidManifest.xml:23:9-81
45        android:protectionLevel="signature" />
45-->[androidx.core:core:1.13.1] AndroidManifest.xml:24:9-44
46
47    <uses-permission android:name="com.Amrut.RouteX.DYNAMIC_RECEIVER_NOT_EXPORTED_PERMISSION" />
47-->[androidx.core:core:1.13.1] AndroidManifest.xml:26:5-97
47-->[androidx.core:core:1.13.1] AndroidManifest.xml:26:22-94
48
49    <supports-screens
49-->[org.osmdroid:osmdroid-android:6.1.18] AndroidManifest.xml:9:5-12:40
50        android:anyDensity="true"
50-->[org.osmdroid:osmdroid-android:6.1.18] AndroidManifest.xml:10:9-34
51        android:largeScreens="true"
51-->[org.osmdroid:osmdroid-android:6.1.18] AndroidManifest.xml:11:9-36
52        android:normalScreens="true" />
52-->[org.osmdroid:osmdroid-android:6.1.18] AndroidManifest.xml:12:9-37
53
54    <uses-feature
54-->[org.osmdroid:osmdroid-android:6.1.18] AndroidManifest.xml:14:5-16:36
55        android:name="android.hardware.location.network"
55-->[org.osmdroid:osmdroid-android:6.1.18] AndroidManifest.xml:15:9-57
56        android:required="false" />
56-->[org.osmdroid:osmdroid-android:6.1.18] AndroidManifest.xml:16:9-33
57    <uses-feature
57-->[org.osmdroid:osmdroid-android:6.1.18] AndroidManifest.xml:17:5-19:36
58        android:name="android.hardware.location.gps"
58-->[org.osmdroid:osmdroid-android:6.1.18] AndroidManifest.xml:18:9-53
59        android:required="false" />
59-->[org.osmdroid:osmdroid-android:6.1.18] AndroidManifest.xml:19:9-33
60    <uses-feature
60-->[org.osmdroid:osmdroid-android:6.1.18] AndroidManifest.xml:20:5-22:36
61        android:name="android.hardware.telephony"
61-->[org.osmdroid:osmdroid-android:6.1.18] AndroidManifest.xml:21:9-50
62        android:required="false" />
62-->[org.osmdroid:osmdroid-android:6.1.18] AndroidManifest.xml:22:9-33
63    <uses-feature
63-->[org.osmdroid:osmdroid-android:6.1.18] AndroidManifest.xml:23:5-25:36
64        android:name="android.hardware.wifi"
64-->[org.osmdroid:osmdroid-android:6.1.18] AndroidManifest.xml:24:9-45
65        android:required="false" />
65-->[org.osmdroid:osmdroid-android:6.1.18] AndroidManifest.xml:25:9-33
66
67    <application
67-->src\main\AndroidManifest.xml:26:5-81:19
68        android:name="com.routex.app.RouteXApp"
68-->src\main\AndroidManifest.xml:27:9-34
69        android:allowBackup="true"
69-->src\main\AndroidManifest.xml:28:9-35
70        android:appComponentFactory="androidx.core.app.CoreComponentFactory"
70-->[androidx.core:core:1.13.1] AndroidManifest.xml:28:18-86
71        android:debuggable="true"
72        android:extractNativeLibs="false"
73        android:icon="@android:drawable/sym_def_app_icon"
73-->src\main\AndroidManifest.xml:29:9-58
74        android:label="@string/app_name"
74-->src\main\AndroidManifest.xml:30:9-41
75        android:roundIcon="@android:drawable/sym_def_app_icon"
75-->src\main\AndroidManifest.xml:31:9-63
76        android:supportsRtl="true"
76-->src\main\AndroidManifest.xml:32:9-35
77        android:theme="@style/Theme.RouteX.SplashScreen" >
77-->src\main\AndroidManifest.xml:33:9-57
78
79        <!-- ── Main Activity ─────────────────────────────────────────────── -->
80        <activity
80-->src\main\AndroidManifest.xml:36:9-44:20
81            android:name="com.routex.app.MainActivity"
81-->src\main\AndroidManifest.xml:37:13-41
82            android:exported="true"
82-->src\main\AndroidManifest.xml:38:13-36
83            android:windowSoftInputMode="adjustResize" >
83-->src\main\AndroidManifest.xml:39:13-55
84            <intent-filter>
84-->src\main\AndroidManifest.xml:40:13-43:29
85                <action android:name="android.intent.action.MAIN" />
85-->src\main\AndroidManifest.xml:41:17-69
85-->src\main\AndroidManifest.xml:41:25-66
86
87                <category android:name="android.intent.category.LAUNCHER" />
87-->src\main\AndroidManifest.xml:42:17-77
87-->src\main\AndroidManifest.xml:42:27-74
88            </intent-filter>
89        </activity>
90
91        <!-- ── Google Maps ────────────────────────────────────────────────── -->
92        <meta-data
93            android:name="com.google.android.geo.API_KEY"
93-->src\main\AndroidManifest.xml:48:13-58
94            android:value="AIzaSyBaT7VITQB-npyatwh91GFIdIYsHX7wu6Y" />
94-->src\main\AndroidManifest.xml:49:13-44
95
96        <!-- ── FCM Service ────────────────────────────────────────────────── -->
97        <service
97-->src\main\AndroidManifest.xml:52:9-58:19
98            android:name="com.routex.app.core.notification.RouteXFcmService"
98-->src\main\AndroidManifest.xml:53:13-63
99            android:exported="false" >
99-->src\main\AndroidManifest.xml:54:13-37
100            <intent-filter>
100-->src\main\AndroidManifest.xml:55:13-57:29
101                <action android:name="com.google.firebase.MESSAGING_EVENT" />
101-->src\main\AndroidManifest.xml:56:17-78
101-->src\main\AndroidManifest.xml:56:25-75
102            </intent-filter>
103        </service>
104
105        <!-- Default FCM notification icon + colour -->
106        <meta-data
106-->src\main\AndroidManifest.xml:61:9-63:59
107            android:name="com.google.firebase.messaging.default_notification_icon"
107-->src\main\AndroidManifest.xml:62:13-83
108            android:resource="@drawable/ic_splash_logo" />
108-->src\main\AndroidManifest.xml:63:13-56
109        <meta-data
109-->src\main\AndroidManifest.xml:64:9-66:59
110            android:name="com.google.firebase.messaging.default_notification_color"
110-->src\main\AndroidManifest.xml:65:13-84
111            android:resource="@color/splash_background" />
111-->src\main\AndroidManifest.xml:66:13-56
112
113        <!-- ── Driver Location Tracking Service ──────────────────────────── -->
114        <service
114-->src\main\AndroidManifest.xml:69:9-73:56
115            android:name="com.routex.app.driver.data.service.LocationTrackingService"
115-->src\main\AndroidManifest.xml:70:13-72
116            android:enabled="true"
116-->src\main\AndroidManifest.xml:71:13-35
117            android:exported="false"
117-->src\main\AndroidManifest.xml:72:13-37
118            android:foregroundServiceType="location" />
118-->src\main\AndroidManifest.xml:73:13-53
119
120        <!-- ── Geofence Receiver ──────────────────────────────────────────── -->
121        <receiver
121-->src\main\AndroidManifest.xml:76:9-79:40
122            android:name="com.routex.app.maps.data.geofencing.GeofenceBroadcastReceiver"
122-->src\main\AndroidManifest.xml:77:13-75
123            android:enabled="true"
123-->src\main\AndroidManifest.xml:78:13-35
124            android:exported="false" />
124-->src\main\AndroidManifest.xml:79:13-37
125
126        <service
126-->[com.google.firebase:firebase-auth-ktx:23.0.0] AndroidManifest.xml:8:9-14:19
127            android:name="com.google.firebase.components.ComponentDiscoveryService"
127-->[com.google.firebase:firebase-auth-ktx:23.0.0] AndroidManifest.xml:9:13-84
128            android:directBootAware="true"
128-->[com.google.firebase:firebase-common:21.0.0] AndroidManifest.xml:32:13-43
129            android:exported="false" >
129-->[com.google.firebase:firebase-auth-ktx:23.0.0] AndroidManifest.xml:10:13-37
130            <meta-data
130-->[com.google.firebase:firebase-auth-ktx:23.0.0] AndroidManifest.xml:11:13-13:85
131                android:name="com.google.firebase.components:com.google.firebase.auth.ktx.FirebaseAuthLegacyRegistrar"
131-->[com.google.firebase:firebase-auth-ktx:23.0.0] AndroidManifest.xml:12:17-119
132                android:value="com.google.firebase.components.ComponentRegistrar" />
132-->[com.google.firebase:firebase-auth-ktx:23.0.0] AndroidManifest.xml:13:17-82
133            <meta-data
133-->[com.google.firebase:firebase-auth:23.0.0] AndroidManifest.xml:69:13-71:85
134                android:name="com.google.firebase.components:com.google.firebase.auth.FirebaseAuthRegistrar"
134-->[com.google.firebase:firebase-auth:23.0.0] AndroidManifest.xml:70:17-109
135                android:value="com.google.firebase.components.ComponentRegistrar" />
135-->[com.google.firebase:firebase-auth:23.0.0] AndroidManifest.xml:71:17-82
136            <meta-data
136-->[com.google.firebase:firebase-database-ktx:21.0.0] AndroidManifest.xml:12:13-14:85
137                android:name="com.google.firebase.components:com.google.firebase.database.ktx.FirebaseDatabaseLegacyRegistrar"
137-->[com.google.firebase:firebase-database-ktx:21.0.0] AndroidManifest.xml:13:17-127
138                android:value="com.google.firebase.components.ComponentRegistrar" />
138-->[com.google.firebase:firebase-database-ktx:21.0.0] AndroidManifest.xml:14:17-82
139            <meta-data
139-->[com.google.firebase:firebase-database:21.0.0] AndroidManifest.xml:29:13-31:85
140                android:name="com.google.firebase.components:com.google.firebase.database.FirebaseDatabaseKtxRegistrar"
140-->[com.google.firebase:firebase-database:21.0.0] AndroidManifest.xml:30:17-120
141                android:value="com.google.firebase.components.ComponentRegistrar" />
141-->[com.google.firebase:firebase-database:21.0.0] AndroidManifest.xml:31:17-82
142            <meta-data
142-->[com.google.firebase:firebase-database:21.0.0] AndroidManifest.xml:32:13-34:85
143                android:name="com.google.firebase.components:com.google.firebase.database.DatabaseRegistrar"
143-->[com.google.firebase:firebase-database:21.0.0] AndroidManifest.xml:33:17-109
144                android:value="com.google.firebase.components.ComponentRegistrar" />
144-->[com.google.firebase:firebase-database:21.0.0] AndroidManifest.xml:34:17-82
145            <meta-data
145-->[com.google.firebase:firebase-firestore-ktx:25.0.0] AndroidManifest.xml:12:13-14:85
146                android:name="com.google.firebase.components:com.google.firebase.firestore.ktx.FirebaseFirestoreLegacyRegistrar"
146-->[com.google.firebase:firebase-firestore-ktx:25.0.0] AndroidManifest.xml:13:17-129
147                android:value="com.google.firebase.components.ComponentRegistrar" />
147-->[com.google.firebase:firebase-firestore-ktx:25.0.0] AndroidManifest.xml:14:17-82
148            <meta-data
148-->[com.google.firebase:firebase-firestore:25.0.0] AndroidManifest.xml:17:13-19:85
149                android:name="com.google.firebase.components:com.google.firebase.firestore.FirebaseFirestoreKtxRegistrar"
149-->[com.google.firebase:firebase-firestore:25.0.0] AndroidManifest.xml:18:17-122
150                android:value="com.google.firebase.components.ComponentRegistrar" />
150-->[com.google.firebase:firebase-firestore:25.0.0] AndroidManifest.xml:19:17-82
151            <meta-data
151-->[com.google.firebase:firebase-firestore:25.0.0] AndroidManifest.xml:20:13-22:85
152                android:name="com.google.firebase.components:com.google.firebase.firestore.FirestoreRegistrar"
152-->[com.google.firebase:firebase-firestore:25.0.0] AndroidManifest.xml:21:17-111
153                android:value="com.google.firebase.components.ComponentRegistrar" />
153-->[com.google.firebase:firebase-firestore:25.0.0] AndroidManifest.xml:22:17-82
154            <meta-data
154-->[com.google.firebase:firebase-messaging-ktx:24.0.0] AndroidManifest.xml:26:13-28:85
155                android:name="com.google.firebase.components:com.google.firebase.messaging.ktx.FirebaseMessagingLegacyRegistrar"
155-->[com.google.firebase:firebase-messaging-ktx:24.0.0] AndroidManifest.xml:27:17-129
156                android:value="com.google.firebase.components.ComponentRegistrar" />
156-->[com.google.firebase:firebase-messaging-ktx:24.0.0] AndroidManifest.xml:28:17-82
157            <meta-data
157-->[com.google.firebase:firebase-messaging:24.0.0] AndroidManifest.xml:57:13-59:85
158                android:name="com.google.firebase.components:com.google.firebase.messaging.FirebaseMessagingKtxRegistrar"
158-->[com.google.firebase:firebase-messaging:24.0.0] AndroidManifest.xml:58:17-122
159                android:value="com.google.firebase.components.ComponentRegistrar" />
159-->[com.google.firebase:firebase-messaging:24.0.0] AndroidManifest.xml:59:17-82
160            <meta-data
160-->[com.google.firebase:firebase-messaging:24.0.0] AndroidManifest.xml:60:13-62:85
161                android:name="com.google.firebase.components:com.google.firebase.messaging.FirebaseMessagingRegistrar"
161-->[com.google.firebase:firebase-messaging:24.0.0] AndroidManifest.xml:61:17-119
162                android:value="com.google.firebase.components.ComponentRegistrar" />
162-->[com.google.firebase:firebase-messaging:24.0.0] AndroidManifest.xml:62:17-82
163            <meta-data
163-->[com.google.firebase:firebase-installations:18.0.0] AndroidManifest.xml:15:13-17:85
164                android:name="com.google.firebase.components:com.google.firebase.installations.FirebaseInstallationsKtxRegistrar"
164-->[com.google.firebase:firebase-installations:18.0.0] AndroidManifest.xml:16:17-130
165                android:value="com.google.firebase.components.ComponentRegistrar" />
165-->[com.google.firebase:firebase-installations:18.0.0] AndroidManifest.xml:17:17-82
166            <meta-data
166-->[com.google.firebase:firebase-installations:18.0.0] AndroidManifest.xml:18:13-20:85
167                android:name="com.google.firebase.components:com.google.firebase.installations.FirebaseInstallationsRegistrar"
167-->[com.google.firebase:firebase-installations:18.0.0] AndroidManifest.xml:19:17-127
168                android:value="com.google.firebase.components.ComponentRegistrar" />
168-->[com.google.firebase:firebase-installations:18.0.0] AndroidManifest.xml:20:17-82
169            <meta-data
169-->[com.google.firebase:firebase-common-ktx:21.0.0] AndroidManifest.xml:12:13-14:85
170                android:name="com.google.firebase.components:com.google.firebase.ktx.FirebaseCommonLegacyRegistrar"
170-->[com.google.firebase:firebase-common-ktx:21.0.0] AndroidManifest.xml:13:17-116
171                android:value="com.google.firebase.components.ComponentRegistrar" />
171-->[com.google.firebase:firebase-common-ktx:21.0.0] AndroidManifest.xml:14:17-82
172            <meta-data
172-->[com.google.firebase:firebase-common:21.0.0] AndroidManifest.xml:35:13-37:85
173                android:name="com.google.firebase.components:com.google.firebase.FirebaseCommonKtxRegistrar"
173-->[com.google.firebase:firebase-common:21.0.0] AndroidManifest.xml:36:17-109
174                android:value="com.google.firebase.components.ComponentRegistrar" />
174-->[com.google.firebase:firebase-common:21.0.0] AndroidManifest.xml:37:17-82
175            <meta-data
175-->[com.google.firebase:firebase-datatransport:18.2.0] AndroidManifest.xml:25:13-27:85
176                android:name="com.google.firebase.components:com.google.firebase.datatransport.TransportRegistrar"
176-->[com.google.firebase:firebase-datatransport:18.2.0] AndroidManifest.xml:26:17-115
177                android:value="com.google.firebase.components.ComponentRegistrar" />
177-->[com.google.firebase:firebase-datatransport:18.2.0] AndroidManifest.xml:27:17-82
178        </service>
179
180        <activity
180-->[com.google.firebase:firebase-auth:23.0.0] AndroidManifest.xml:29:9-46:20
181            android:name="com.google.firebase.auth.internal.GenericIdpActivity"
181-->[com.google.firebase:firebase-auth:23.0.0] AndroidManifest.xml:30:13-80
182            android:excludeFromRecents="true"
182-->[com.google.firebase:firebase-auth:23.0.0] AndroidManifest.xml:31:13-46
183            android:exported="true"
183-->[com.google.firebase:firebase-auth:23.0.0] AndroidManifest.xml:32:13-36
184            android:launchMode="singleTask"
184-->[com.google.firebase:firebase-auth:23.0.0] AndroidManifest.xml:33:13-44
185            android:theme="@android:style/Theme.Translucent.NoTitleBar" >
185-->[com.google.firebase:firebase-auth:23.0.0] AndroidManifest.xml:34:13-72
186            <intent-filter>
186-->[com.google.firebase:firebase-auth:23.0.0] AndroidManifest.xml:35:13-45:29
187                <action android:name="android.intent.action.VIEW" />
187-->[com.google.firebase:firebase-auth:23.0.0] AndroidManifest.xml:36:17-69
187-->[com.google.firebase:firebase-auth:23.0.0] AndroidManifest.xml:36:25-66
188
189                <category android:name="android.intent.category.DEFAULT" />
189-->[com.google.firebase:firebase-auth:23.0.0] AndroidManifest.xml:38:17-76
189-->[com.google.firebase:firebase-auth:23.0.0] AndroidManifest.xml:38:27-73
190                <category android:name="android.intent.category.BROWSABLE" />
190-->[com.google.firebase:firebase-auth:23.0.0] AndroidManifest.xml:39:17-78
190-->[com.google.firebase:firebase-auth:23.0.0] AndroidManifest.xml:39:27-75
191
192                <data
192-->[com.google.firebase:firebase-auth:23.0.0] AndroidManifest.xml:41:17-44:51
193                    android:host="firebase.auth"
193-->[com.google.firebase:firebase-auth:23.0.0] AndroidManifest.xml:42:21-49
194                    android:path="/"
194-->[com.google.firebase:firebase-auth:23.0.0] AndroidManifest.xml:43:21-37
195                    android:scheme="genericidp" />
195-->[com.google.firebase:firebase-auth:23.0.0] AndroidManifest.xml:44:21-48
196            </intent-filter>
197        </activity>
198        <activity
198-->[com.google.firebase:firebase-auth:23.0.0] AndroidManifest.xml:47:9-64:20
199            android:name="com.google.firebase.auth.internal.RecaptchaActivity"
199-->[com.google.firebase:firebase-auth:23.0.0] AndroidManifest.xml:48:13-79
200            android:excludeFromRecents="true"
200-->[com.google.firebase:firebase-auth:23.0.0] AndroidManifest.xml:49:13-46
201            android:exported="true"
201-->[com.google.firebase:firebase-auth:23.0.0] AndroidManifest.xml:50:13-36
202            android:launchMode="singleTask"
202-->[com.google.firebase:firebase-auth:23.0.0] AndroidManifest.xml:51:13-44
203            android:theme="@android:style/Theme.Translucent.NoTitleBar" >
203-->[com.google.firebase:firebase-auth:23.0.0] AndroidManifest.xml:52:13-72
204            <intent-filter>
204-->[com.google.firebase:firebase-auth:23.0.0] AndroidManifest.xml:53:13-63:29
205                <action android:name="android.intent.action.VIEW" />
205-->[com.google.firebase:firebase-auth:23.0.0] AndroidManifest.xml:36:17-69
205-->[com.google.firebase:firebase-auth:23.0.0] AndroidManifest.xml:36:25-66
206
207                <category android:name="android.intent.category.DEFAULT" />
207-->[com.google.firebase:firebase-auth:23.0.0] AndroidManifest.xml:38:17-76
207-->[com.google.firebase:firebase-auth:23.0.0] AndroidManifest.xml:38:27-73
208                <category android:name="android.intent.category.BROWSABLE" />
208-->[com.google.firebase:firebase-auth:23.0.0] AndroidManifest.xml:39:17-78
208-->[com.google.firebase:firebase-auth:23.0.0] AndroidManifest.xml:39:27-75
209
210                <data
210-->[com.google.firebase:firebase-auth:23.0.0] AndroidManifest.xml:41:17-44:51
211                    android:host="firebase.auth"
211-->[com.google.firebase:firebase-auth:23.0.0] AndroidManifest.xml:42:21-49
212                    android:path="/"
212-->[com.google.firebase:firebase-auth:23.0.0] AndroidManifest.xml:43:21-37
213                    android:scheme="recaptcha" />
213-->[com.google.firebase:firebase-auth:23.0.0] AndroidManifest.xml:44:21-48
214            </intent-filter>
215        </activity>
216
217        <service
217-->[androidx.credentials:credentials-play-services-auth:1.2.0-rc01] AndroidManifest.xml:24:9-32:19
218            android:name="androidx.credentials.playservices.CredentialProviderMetadataHolder"
218-->[androidx.credentials:credentials-play-services-auth:1.2.0-rc01] AndroidManifest.xml:25:13-94
219            android:enabled="true"
219-->[androidx.credentials:credentials-play-services-auth:1.2.0-rc01] AndroidManifest.xml:26:13-35
220            android:exported="false" >
220-->[androidx.credentials:credentials-play-services-auth:1.2.0-rc01] AndroidManifest.xml:27:13-37
221            <meta-data
221-->[androidx.credentials:credentials-play-services-auth:1.2.0-rc01] AndroidManifest.xml:29:13-31:104
222                android:name="androidx.credentials.CREDENTIAL_PROVIDER_KEY"
222-->[androidx.credentials:credentials-play-services-auth:1.2.0-rc01] AndroidManifest.xml:30:17-76
223                android:value="androidx.credentials.playservices.CredentialProviderPlayServicesImpl" />
223-->[androidx.credentials:credentials-play-services-auth:1.2.0-rc01] AndroidManifest.xml:31:17-101
224        </service>
225
226        <activity
226-->[androidx.credentials:credentials-play-services-auth:1.2.0-rc01] AndroidManifest.xml:34:9-41:20
227            android:name="androidx.credentials.playservices.HiddenActivity"
227-->[androidx.credentials:credentials-play-services-auth:1.2.0-rc01] AndroidManifest.xml:35:13-76
228            android:configChanges="orientation|screenSize|screenLayout|keyboardHidden"
228-->[androidx.credentials:credentials-play-services-auth:1.2.0-rc01] AndroidManifest.xml:36:13-87
229            android:enabled="true"
229-->[androidx.credentials:credentials-play-services-auth:1.2.0-rc01] AndroidManifest.xml:37:13-35
230            android:exported="false"
230-->[androidx.credentials:credentials-play-services-auth:1.2.0-rc01] AndroidManifest.xml:38:13-37
231            android:fitsSystemWindows="true"
231-->[androidx.credentials:credentials-play-services-auth:1.2.0-rc01] AndroidManifest.xml:39:13-45
232            android:theme="@style/Theme.Hidden" >
232-->[androidx.credentials:credentials-play-services-auth:1.2.0-rc01] AndroidManifest.xml:40:13-48
233        </activity>
234        <activity
234-->[com.google.android.gms:play-services-auth:21.0.0] AndroidManifest.xml:23:9-27:75
235            android:name="com.google.android.gms.auth.api.signin.internal.SignInHubActivity"
235-->[com.google.android.gms:play-services-auth:21.0.0] AndroidManifest.xml:24:13-93
236            android:excludeFromRecents="true"
236-->[com.google.android.gms:play-services-auth:21.0.0] AndroidManifest.xml:25:13-46
237            android:exported="false"
237-->[com.google.android.gms:play-services-auth:21.0.0] AndroidManifest.xml:26:13-37
238            android:theme="@android:style/Theme.Translucent.NoTitleBar" />
238-->[com.google.android.gms:play-services-auth:21.0.0] AndroidManifest.xml:27:13-72
239        <!--
240            Service handling Google Sign-In user revocation. For apps that do not integrate with
241            Google Sign-In, this service will never be started.
242        -->
243        <service
243-->[com.google.android.gms:play-services-auth:21.0.0] AndroidManifest.xml:33:9-37:51
244            android:name="com.google.android.gms.auth.api.signin.RevocationBoundService"
244-->[com.google.android.gms:play-services-auth:21.0.0] AndroidManifest.xml:34:13-89
245            android:exported="true"
245-->[com.google.android.gms:play-services-auth:21.0.0] AndroidManifest.xml:35:13-36
246            android:permission="com.google.android.gms.auth.api.signin.permission.REVOCATION_NOTIFICATION"
246-->[com.google.android.gms:play-services-auth:21.0.0] AndroidManifest.xml:36:13-107
247            android:visibleToInstantApps="true" /> <!-- Needs to be explicitly declared on P+ -->
247-->[com.google.android.gms:play-services-auth:21.0.0] AndroidManifest.xml:37:13-48
248        <uses-library
248-->[com.google.android.gms:play-services-maps:18.2.0] AndroidManifest.xml:39:9-41:40
249            android:name="org.apache.http.legacy"
249-->[com.google.android.gms:play-services-maps:18.2.0] AndroidManifest.xml:40:13-50
250            android:required="false" />
250-->[com.google.android.gms:play-services-maps:18.2.0] AndroidManifest.xml:41:13-37
251
252        <receiver
252-->[com.google.firebase:firebase-messaging:24.0.0] AndroidManifest.xml:29:9-40:20
253            android:name="com.google.firebase.iid.FirebaseInstanceIdReceiver"
253-->[com.google.firebase:firebase-messaging:24.0.0] AndroidManifest.xml:30:13-78
254            android:exported="true"
254-->[com.google.firebase:firebase-messaging:24.0.0] AndroidManifest.xml:31:13-36
255            android:permission="com.google.android.c2dm.permission.SEND" >
255-->[com.google.firebase:firebase-messaging:24.0.0] AndroidManifest.xml:32:13-73
256            <intent-filter>
256-->[com.google.firebase:firebase-messaging:24.0.0] AndroidManifest.xml:33:13-35:29
257                <action android:name="com.google.android.c2dm.intent.RECEIVE" />
257-->[com.google.firebase:firebase-messaging:24.0.0] AndroidManifest.xml:34:17-81
257-->[com.google.firebase:firebase-messaging:24.0.0] AndroidManifest.xml:34:25-78
258            </intent-filter>
259
260            <meta-data
260-->[com.google.firebase:firebase-messaging:24.0.0] AndroidManifest.xml:37:13-39:40
261                android:name="com.google.android.gms.cloudmessaging.FINISHED_AFTER_HANDLED"
261-->[com.google.firebase:firebase-messaging:24.0.0] AndroidManifest.xml:38:17-92
262                android:value="true" />
262-->[com.google.firebase:firebase-messaging:24.0.0] AndroidManifest.xml:39:17-37
263        </receiver>
264        <!--
265             FirebaseMessagingService performs security checks at runtime,
266             but set to not exported to explicitly avoid allowing another app to call it.
267        -->
268        <service
268-->[com.google.firebase:firebase-messaging:24.0.0] AndroidManifest.xml:46:9-53:19
269            android:name="com.google.firebase.messaging.FirebaseMessagingService"
269-->[com.google.firebase:firebase-messaging:24.0.0] AndroidManifest.xml:47:13-82
270            android:directBootAware="true"
270-->[com.google.firebase:firebase-messaging:24.0.0] AndroidManifest.xml:48:13-43
271            android:exported="false" >
271-->[com.google.firebase:firebase-messaging:24.0.0] AndroidManifest.xml:49:13-37
272            <intent-filter android:priority="-500" >
272-->src\main\AndroidManifest.xml:55:13-57:29
273                <action android:name="com.google.firebase.MESSAGING_EVENT" />
273-->src\main\AndroidManifest.xml:56:17-78
273-->src\main\AndroidManifest.xml:56:25-75
274            </intent-filter>
275        </service>
276
277        <activity